This is e-pTeX, Version 3.14159265-p3.6-141210-2.6 (utf8.euc) (TeX Live 2015) (preloaded format=platex 2015.7.7)  17 AUG 2015 14:07
entering extended mode
 restricted \write18 enabled.
 file:line:error style messages enabled.
 %&-line parsing enabled.
**taskpit.tex
(./taskpit.tex
pLaTeX2e <2006/11/10> (based on LaTeX2e <2015/01/01> patch level 0)
Babel <3.9l> and hyphenation patterns for 79 languages loaded.
(./ieice.cls
Document Class: ieice 2011/12/16 v1.8 for Transactions of IEICE
\c@@paper=\count81
\tn@cnt=\count82
\@authorlist=\toks15
\@authorcnt=\count83
\total@mbr=\count84
\@alcnt=\count85
\p@alcnt=\count86
\chk@al@cnt=\count87
\chk@p@al@cnt=\count88
\@authorcnt@p@ne=\count89
\totalnumberm@ne=\count90
\authorlistlength=\dimen118
\c@section=\count91
\c@subsection=\count92
\c@subsubsection=\count93
\c@paragraph=\count94
\c@subparagraph=\count95
\@hlskip=\skip41
\verbatimleftmargin=\dimen119
\verbatimbaselineskip=\dimen120
\c@figure=\count96
\c@table=\count97
\abovecaptionskip=\skip42
\belowcaptionskip=\skip43
\capwidth=\dimen121
\bibindent=\dimen122
\c@profile=\count98
\@minsofar=\count99
\@min=\count100
\@cite@temp=\count101
\mathindent=\dimen123
) (/usr/local/texlive/2015/texmf-dist/tex/latex/cite/cite.sty
LaTeX Info: Redefining \cite on input line 302.
LaTeX Info: Redefining \nocite on input line 332.
Package: cite 2015/02/27  v 5.5
)
(/usr/local/texlive/2015/texmf-dist/tex/latex/graphics/graphicx.sty
Package: graphicx 2014/10/28 v1.0g Enhanced LaTeX Graphics (DPC,SPQR)

(/usr/local/texlive/2015/texmf-dist/tex/latex/graphics/keyval.sty
Package: keyval 2014/10/28 v1.15 key=value parser (DPC)
\KV@toks@=\toks16
)
(/usr/local/texlive/2015/texmf-dist/tex/latex/graphics/graphics.sty
Package: graphics 2014/10/28 v1.0p Standard LaTeX Graphics (DPC,SPQR)

(/usr/local/texlive/2015/texmf-dist/tex/latex/graphics/trig.sty
Package: trig 1999/03/16 v1.09 sin cos tan (DPC)
)
(/usr/local/texlive/2015/texmf-dist/tex/latex/latexconfig/graphics.cfg
File: graphics.cfg 2010/04/23 v1.9 graphics configuration of TeX Live
)
Package graphics Info: Driver file: dvips.def on input line 94.

(/usr/local/texlive/2015/texmf-dist/tex/latex/graphics/dvips.def
File: dvips.def 2014/10/14 v3.0j Driver-dependent file (DPC,SPQR)
))
\Gin@req@height=\dimen124
\Gin@req@width=\dimen125
)
(/usr/local/texlive/2015/texmf-dist/tex/latex/base/latexsym.sty
Package: latexsym 1998/08/17 v2.2e Standard LaTeX package (lasy symbols)
\symlasy=\mathgroup4
LaTeX Font Info:    Overwriting symbol font `lasy' in version `bold'
(Font)                  U/lasy/m/n --> U/lasy/b/n on input line 52.
)
(/usr/local/texlive/2015/texmf-dist/tex/latex/txfonts/txfonts.sty
Package: txfonts 2008/01/22 v3.2.1
LaTeX Font Info:    Redeclaring symbol font `operators' on input line 21.
LaTeX Font Info:    Overwriting symbol font `operators' in version `normal'
(Font)                  OT1/cmr/m/n --> OT1/txr/m/n on input line 21.
LaTeX Font Info:    Overwriting symbol font `operators' in version `bold'
(Font)                  OT1/cmr/bx/n --> OT1/txr/m/n on input line 21.
LaTeX Font Info:    Overwriting symbol font `operators' in version `bold'
(Font)                  OT1/txr/m/n --> OT1/txr/bx/n on input line 22.
\symitalic=\mathgroup5
LaTeX Font Info:    Overwriting symbol font `italic' in version `bold'
(Font)                  OT1/txr/m/it --> OT1/txr/bx/it on input line 26.
LaTeX Font Info:    Redeclaring math alphabet \mathbf on input line 29.
LaTeX Font Info:    Overwriting math alphabet `\mathbf' in version `normal'
(Font)                  OT1/cmr/bx/n --> OT1/txr/bx/n on input line 29.
LaTeX Font Info:    Overwriting math alphabet `\mathbf' in version `bold'
(Font)                  OT1/cmr/bx/n --> OT1/txr/bx/n on input line 29.
LaTeX Font Info:    Redeclaring math alphabet \mathit on input line 30.
LaTeX Font Info:    Overwriting math alphabet `\mathit' in version `normal'
(Font)                  OT1/cmr/m/it --> OT1/txr/m/it on input line 30.
LaTeX Font Info:    Overwriting math alphabet `\mathit' in version `bold'
(Font)                  OT1/cmr/bx/it --> OT1/txr/m/it on input line 30.
LaTeX Font Info:    Overwriting math alphabet `\mathit' in version `bold'
(Font)                  OT1/txr/m/it --> OT1/txr/bx/it on input line 31.
LaTeX Font Info:    Redeclaring math alphabet \mathsf on input line 40.
LaTeX Font Info:    Overwriting math alphabet `\mathsf' in version `normal'
(Font)                  OT1/cmss/m/n --> OT1/txss/m/n on input line 40.
LaTeX Font Info:    Overwriting math alphabet `\mathsf' in version `bold'
(Font)                  OT1/cmss/bx/n --> OT1/txss/m/n on input line 40.
LaTeX Font Info:    Overwriting math alphabet `\mathsf' in version `bold'
(Font)                  OT1/txss/m/n --> OT1/txss/b/n on input line 41.
LaTeX Font Info:    Redeclaring math alphabet \mathtt on input line 50.
LaTeX Font Info:    Overwriting math alphabet `\mathtt' in version `normal'
(Font)                  OT1/cmtt/m/n --> OT1/txtt/m/n on input line 50.
LaTeX Font Info:    Overwriting math alphabet `\mathtt' in version `bold'
(Font)                  OT1/cmtt/m/n --> OT1/txtt/m/n on input line 50.
LaTeX Font Info:    Overwriting math alphabet `\mathtt' in version `bold'
(Font)                  OT1/txtt/m/n --> OT1/txtt/b/n on input line 51.
LaTeX Font Info:    Redeclaring symbol font `letters' on input line 58.
LaTeX Font Info:    Overwriting symbol font `letters' in version `normal'
(Font)                  OML/cmm/m/it --> OML/txmi/m/it on input line 58.
LaTeX Font Info:    Overwriting symbol font `letters' in version `bold'
(Font)                  OML/cmm/b/it --> OML/txmi/m/it on input line 58.
LaTeX Font Info:    Overwriting symbol font `letters' in version `bold'
(Font)                  OML/txmi/m/it --> OML/txmi/bx/it on input line 59.
\symlettersA=\mathgroup6
LaTeX Font Info:    Overwriting symbol font `lettersA' in version `bold'
(Font)                  U/txmia/m/it --> U/txmia/bx/it on input line 67.
LaTeX Font Info:    Redeclaring symbol font `symbols' on input line 77.
LaTeX Font Info:    Overwriting symbol font `symbols' in version `normal'
(Font)                  OMS/cmsy/m/n --> OMS/txsy/m/n on input line 77.
LaTeX Font Info:    Overwriting symbol font `symbols' in version `bold'
(Font)                  OMS/cmsy/b/n --> OMS/txsy/m/n on input line 77.
LaTeX Font Info:    Overwriting symbol font `symbols' in version `bold'
(Font)                  OMS/txsy/m/n --> OMS/txsy/bx/n on input line 78.
\symAMSa=\mathgroup7
LaTeX Font Info:    Overwriting symbol font `AMSa' in version `bold'
(Font)                  U/txsya/m/n --> U/txsya/bx/n on input line 94.
\symAMSb=\mathgroup8
LaTeX Font Info:    Overwriting symbol font `AMSb' in version `bold'
(Font)                  U/txsyb/m/n --> U/txsyb/bx/n on input line 103.
\symsymbolsC=\mathgroup9
LaTeX Font Info:    Overwriting symbol font `symbolsC' in version `bold'
(Font)                  U/txsyc/m/n --> U/txsyc/bx/n on input line 113.
LaTeX Font Info:    Redeclaring symbol font `largesymbols' on input line 120.
LaTeX Font Info:    Overwriting symbol font `largesymbols' in version `normal'
(Font)                  OMX/cmex/m/n --> OMX/txex/m/n on input line 120.
LaTeX Font Info:    Overwriting symbol font `largesymbols' in version `bold'
(Font)                  OMX/cmex/m/n --> OMX/txex/m/n on input line 120.
LaTeX Font Info:    Overwriting symbol font `largesymbols' in version `bold'
(Font)                  OMX/txex/m/n --> OMX/txex/bx/n on input line 121.
\symlargesymbolsA=\mathgroup10
LaTeX Font Info:    Overwriting symbol font `largesymbolsA' in version `bold'
(Font)                  U/txexa/m/n --> U/txexa/bx/n on input line 129.
LaTeX Info: Redefining \not on input line 1043.
)
(/usr/local/texlive/2015/texmf-dist/tex/latex/hyphenat/hyphenat.sty
Package: hyphenat 2009/09/02 v2.3c hyphenation utilities
\langwohyphens=\language80
LaTeX Info: Redefining \_ on input line 43.
)
\@toksi=\toks17
\@toksii=\toks18

(./taskpit.aux)
\openout1 = `taskpit.aux'.

LaTeX Font Info:    Checking defaults for OML/txmi/m/it on input line 56.
LaTeX Font Info:    Try loading font information for OML+txmi on input line 56.


(/usr/local/texlive/2015/texmf-dist/tex/latex/txfonts/omltxmi.fd
File: omltxmi.fd 2000/12/15 v3.1
)
LaTeX Font Info:    ... okay on input line 56.
LaTeX Font Info:    Checking defaults for T1/cmr/m/n on input line 56.
LaTeX Font Info:    ... okay on input line 56.
LaTeX Font Info:    Checking defaults for OT1/cmr/m/n on input line 56.
LaTeX Font Info:    ... okay on input line 56.
LaTeX Font Info:    Checking defaults for OMS/txsy/m/n on input line 56.
LaTeX Font Info:    Try loading font information for OMS+txsy on input line 56.


(/usr/local/texlive/2015/texmf-dist/tex/latex/txfonts/omstxsy.fd
File: omstxsy.fd 2000/12/15 v3.1
)
LaTeX Font Info:    ... okay on input line 56.
LaTeX Font Info:    Checking defaults for OMX/txex/m/n on input line 56.
LaTeX Font Info:    Try loading font information for OMX+txex on input line 56.


(/usr/local/texlive/2015/texmf-dist/tex/latex/txfonts/omxtxex.fd
File: omxtxex.fd 2000/12/15 v3.1
)
LaTeX Font Info:    ... okay on input line 56.
LaTeX Font Info:    Checking defaults for U/txexa/m/n on input line 56.
LaTeX Font Info:    Try loading font information for U+txexa on input line 56.

(/usr/local/texlive/2015/texmf-dist/tex/latex/txfonts/utxexa.fd
File: utxexa.fd 2000/12/15 v3.1
)
LaTeX Font Info:    ... okay on input line 56.
LaTeX Font Info:    Checking defaults for JY1/mc/m/n on input line 56.
LaTeX Font Info:    ... okay on input line 56.
LaTeX Font Info:    Checking defaults for JT1/mc/m/n on input line 56.
LaTeX Font Info:    ... okay on input line 56.

(I search kanjifont definition file: . . ) (I search font definition file: . .
. . . . . )
LaTeX Font Info:    Try loading font information for OT1+txr on input line 56.
 (/usr/local/texlive/2015/texmf-dist/tex/latex/txfonts/ot1txr.fd
File: ot1txr.fd 2000/12/15 v3.1
)
LaTeX Font Info:    Font shape `JT1/mc/bx/n' in size <17.28> not available
(Font)              Font shape `JT1/gt/m/n' tried instead on input line 58.
LaTeX Font Info:    Font shape `JY1/mc/bx/n' in size <17.28> not available
(Font)              Font shape `JY1/gt/m/n' tried instead on input line 58.
LaTeX Font Info:    Try loading font information for U+lasy on input line 58.

(/usr/local/texlive/2015/texmf-dist/tex/latex/base/ulasy.fd
File: ulasy.fd 1998/08/17 v2.2e LaTeX symbol font definitions
)
LaTeX Font Info:    Try loading font information for U+txmia on input line 58.

(/usr/local/texlive/2015/texmf-dist/tex/latex/txfonts/utxmia.fd
File: utxmia.fd 2000/12/15 v3.1
)
LaTeX Font Info:    Try loading font information for U+txsya on input line 58.

(/usr/local/texlive/2015/texmf-dist/tex/latex/txfonts/utxsya.fd
File: utxsya.fd 2000/12/15 v3.1
)
LaTeX Font Info:    Try loading font information for U+txsyb on input line 58.

(/usr/local/texlive/2015/texmf-dist/tex/latex/txfonts/utxsyb.fd
File: utxsyb.fd 2000/12/15 v3.1
)
LaTeX Font Info:    Try loading font information for U+txsyc on input line 58.

(/usr/local/texlive/2015/texmf-dist/tex/latex/txfonts/utxsyc.fd
File: utxsyc.fd 2000/12/15 v3.1
)
(I search kanjifont definition file: . . ) (I search font definition file: . .
. . . . . )
LaTeX Font Info:    Try loading font information for OT1+txss on input line 58.

 (/usr/local/texlive/2015/texmf-dist/tex/latex/txfonts/ot1txss.fd
File: ot1txss.fd 2000/12/15 v3.1
)
LaTeX Font Info:    Font shape `OT1/txss/m/n' will be
(Font)              scaled to size 11.39996pt on input line 58.
LaTeX Font Info:    Font shape `OT1/txss/m/n' will be
(Font)              scaled to size 8.54997pt on input line 58.
LaTeX Font Info:    Font shape `JT1/mc/m/sl' in size <9> not available
(Font)              Font shape `JT1/mc/m/n' tried instead on input line 58.
LaTeX Font Info:    Font shape `JY1/mc/m/sl' in size <9> not available
(Font)              Font shape `JY1/mc/m/n' tried instead on input line 58.
LaTeX Font Info:    Font shape `OT1/txss/m/sl' will be
(Font)              scaled to size 8.54997pt on input line 58.
LaTeX Font Info:    Font shape `JT1/mc/bx/n' in size <10> not available
(Font)              Font shape `JT1/gt/m/n' tried instead on input line 58.
LaTeX Font Info:    Font shape `JY1/mc/bx/n' in size <10> not available
(Font)              Font shape `JY1/gt/m/n' tried instead on input line 58.
LaTeX Font Info:    Font shape `JT1/mc/bx/it' in size <10> not available
(Font)              Font shape `JT1/gt/m/n' tried instead on input line 58.
LaTeX Font Info:    Font shape `JY1/mc/bx/it' in size <10> not available
(Font)              Font shape `JY1/gt/m/n' tried instead on input line 58.
LaTeX Font Info:    Font shape `JT1/mc/bx/n' in size <8> not available
(Font)              Font shape `JT1/gt/m/n' tried instead on input line 59.
LaTeX Font Info:    Font shape `JY1/mc/bx/n' in size <8> not available
(Font)              Font shape `JY1/gt/m/n' tried instead on input line 59.

Underfull \hbox (badness 6510) in paragraph at lines 65--65
\OT1/txr/m/n/10 To pro-mote an idea of "Pro-cess Im-prove-ment via
 []

LaTeX Font Info:    Try loading font information for OMS+txr on input line 74.
(/usr/local/texlive/2015/texmf-dist/tex/latex/txfonts/omstxr.fd
File: omstxr.fd 2000/12/15 v3.1
)
LaTeX Font Info:    Font shape `OMS/txr/m/n' in size <10> not available
(Font)              Font shape `OMS/txsy/m/n' tried instead on input line 74.
 [1


]
Underfull \hbox (badness 5417) in paragraph at lines 76--76
[]\OT1/txr/m/n/10 Without caus-ing the Con-text Switch, au-to-matic
 []


Underfull \hbox (badness 4726) in paragraph at lines 82--82
\OT1/txr/m/n/10 re-quire-ments of task mea-sur-ing sys-tem, our sys-tem
 []

[2]
File: images/fig1.eps Graphic file (type eps)
 <images/fig1.eps>
Overfull \hbox (11.3811pt too wide) in paragraph at lines 141--142
 [][] 
 []

File: images/fig2.eps Graphic file (type eps)
<images/fig2.eps>

LaTeX Warning: `h' float specifier changed to `ht'.

File: images/fig3.eps Graphic file (type eps)
<images/fig3.eps>

LaTeX Warning: `h' float specifier changed to `ht'.

[3]
Underfull \hbox (badness 5832) in paragraph at lines 167--167
\OT1/txr/m/n/10 is mea-sured by reg-is-ter-ing a method to hook the
 []

File: images/fig4.eps Graphic file (type eps)
<images/fig4.eps>
Overfull \hbox (11.3811pt too wide) in paragraph at lines 177--178
 [][] 
 []

File: images/fig5.eps Graphic file (type eps)
<images/fig5.eps>

LaTeX Warning: `h' float specifier changed to `ht'.

File: images/fig6.eps Graphic file (type eps)
<images/fig6.eps>
Overfull \hbox (11.3811pt too wide) in paragraph at lines 191--192
 [][] 
 []


LaTeX Warning: `h' float specifier changed to `ht'.


Underfull \hbox (badness 4416) in paragraph at lines 198--199
[]\OT1/txr/m/n/10 In this de-part-ment we used Trac as a project
 []


Underfull \hbox (badness 4913) in paragraph at lines 198--199
\OT1/txr/m/n/10 man-age-ment tool for the browser, which has been
 []


Underfull \hbox (badness 7576) in paragraph at lines 198--199
\OT1/txr/m/n/10 en-cour-aged to carry out ma-te-rial man-age-ment and
 []

[4]
File: images/fig7.eps Graphic file (type eps)
 <images/fig7.eps>
Overfull \hbox (11.3811pt too wide) in paragraph at lines 202--203
 [][] 
 []

File: images/fig8.eps Graphic file (type eps)
<images/fig8.eps>
Overfull \hbox (11.3811pt too wide) in paragraph at lines 212--213
 [][] 
 []

File: images/fig9.eps Graphic file (type eps)
<images/fig9.eps>
Overfull \hbox (11.3811pt too wide) in paragraph at lines 222--223
 [][] 
 []


Overfull \hbox (3.4681pt too wide) in paragraph at lines 234--235
[]\OT1/txr/m/n/10 Figure 11 shows time spent in mail-ing and pro-gram-ming
 []

[5]
File: images/fig10.eps Graphic file (type eps)
 <images/fig10.eps>
Overfull \hbox (11.3811pt too wide) in paragraph at lines 240--241
 [][] 
 []

File: images/fig11.eps Graphic file (type eps)
<images/fig11.eps>
Overfull \hbox (11.3811pt too wide) in paragraph at lines 247--248
 [][] 
 []

File: images/fig12.eps Graphic file (type eps)
<images/fig12.eps>
Overfull \hbox (11.3811pt too wide) in paragraph at lines 267--268
 [][] 
 []


LaTeX Warning: `h' float specifier changed to `ht'.

File: images/fig13.eps Graphic file (type eps)
<images/fig13.eps>
Overfull \hbox (11.3811pt too wide) in paragraph at lines 274--275
 [][] 
 []


LaTeX Warning: `h' float specifier changed to `ht'.

File: images/fig14.eps Graphic file (type eps)
<images/fig14.eps>
Overfull \hbox (11.3811pt too wide) in paragraph at lines 281--282
 [][] 
 []


LaTeX Warning: `h' float specifier changed to `ht'.

[6] (./taskpit.bbl
Overfull \hbox (1.44106pt too wide) in paragraph at lines 4--6
[]\OT1/txr/m/n/8 Process dash-board.  http://processdash.sourceforge.net/pspdas
h.html. 
 []


Overfull \hbox (24.04105pt too wide) in paragraph at lines 8--10
[]\OT1/txr/m/n/8 Slimtimer - time track-ing with-out the timesheet.  http://www
.slimtimer.com/. 
 []


Overfull \hbox (27.61707pt too wide) in paragraph at lines 12--14
[]\OT1/txr/m/n/8 Task coach - your friendly task man-ager.  http://members.chel
lo.nl/f.niessink/. 
 []

LaTeX Font Info:    Font shape `JT1/gt/m/it' in size <8> not available
(Font)              Font shape `JT1/gt/m/n' tried instead on input line 21.
LaTeX Font Info:    Font shape `JY1/gt/m/it' in size <8> not available
(Font)              Font shape `JY1/gt/m/n' tried instead on input line 21.

Overfull \hbox (6.89706pt too wide) in paragraph at lines 49--53
\OT1/txr/m/it/8 in-tel-li-gence be-hind suc-cess-ful soft-ware man-age-ment\OT1
/txr/m/n/8 .  Addison-Wesley,
 []

) [7] (./taskpit.aux) ) 
Here is how much of TeX's memory you used:
 1824 strings out of 493777
 21818 string characters out of 6151335
 82080 words of memory out of 5000000
 5272 multiletter control sequences out of 15000+600000
 34218 words of font info for 109 fonts, out of 8000000 for 9000
 930 hyphenation exceptions out of 8191
 25i,10n,22p,1464b,344s stack positions out of 5000i,500n,10000p,200000b,80000s

Output written on taskpit.dvi (7 pages, 40748 bytes).
